<?xml version="1.0" encoding="UTF-8"?>
<testsuite xmlns:xsi="http://www.w3.org/2001/XMLSchema-instance" xsi:noNamespaceSchemaLocation="https://maven.apache.org/surefire/maven-surefire-plugin/xsd/surefire-test-report.xsd" name="com.atguigu.demo.VodTest" time="0.512" tests="3" errors="0" skipped="0" failures="0">
  <properties>
[...]
</properties>
  <testcase name="test01" classname="com.atguigu.demo.VodTest" time="0.484"/>
  <testcase name="test03" classname="com.atguigu.demo.VodTest" time="0"/>
  <testcase name="test2" classname="com.atguigu.demo.VodTest" time="0.015"/>
</testsuite>